{"level":"info","message":"BEGIN: GET /api/app:getLang?locale","reqId":"8912941a-dc5a-4bc8-8267-5c51e96cca1e","timestamp":"2023-07-06T12:38:05.482Z"}
{"level":"info","message":"BEGIN: GET /api/app:getPlugins","reqId":"3b27fefc-0aa2-4921-b167-5b43d26c4575","timestamp":"2023-07-06T12:38:05.544Z"}
{"can":null,"level":"info","message":"ctx permission","reqId":"8912941a-dc5a-4bc8-8267-5c51e96cca1e","skip":true,"timestamp":"2023-07-06T12:38:07.701Z"}
{"level":"info","message":"acl params","reqId":"8912941a-dc5a-4bc8-8267-5c51e96cca1e","timestamp":"2023-07-06T12:38:07.705Z"}
{"level":"info","message":"acl parsedParams","reqId":"8912941a-dc5a-4bc8-8267-5c51e96cca1e","timestamp":"2023-07-06T12:38:07.707Z"}
{"can":null,"level":"info","message":"ctx permission","reqId":"3b27fefc-0aa2-4921-b167-5b43d26c4575","skip":true,"timestamp":"2023-07-06T12:38:07.714Z"}
{"level":"info","message":"acl params","reqId":"3b27fefc-0aa2-4921-b167-5b43d26c4575","timestamp":"2023-07-06T12:38:07.714Z"}
{"level":"info","message":"acl parsedParams","reqId":"3b27fefc-0aa2-4921-b167-5b43d26c4575","timestamp":"2023-07-06T12:38:07.715Z"}
{"level":"info","message":"END: GET /api/app:getPlugins","req":{"action":{"actionName":"getPlugins","params":{"actionName":"getPlugins","resourceName":"app"},"resourceName":"app"},"header":{"x-hostname":"localhost","x-timezone":"+07:00"}},"reqId":"3b27fefc-0aa2-4921-b167-5b43d26c4575","res":{"status":200},"responseTime":2469,"timestamp":"2023-07-06T12:38:08.016Z"}
{"level":"info","message":"END: GET /api/app:getLang?locale","req":{"action":{"actionName":"getLang","params":{"actionName":"getLang","locale":null,"resourceName":"app"},"resourceName":"app"},"header":{"x-hostname":"localhost","x-timezone":"+07:00"}},"reqId":"8912941a-dc5a-4bc8-8267-5c51e96cca1e","res":{"status":200},"responseTime":3523,"timestamp":"2023-07-06T12:38:09.002Z"}
{"level":"info","message":"BEGIN: GET /api/app:getLang?locale","reqId":"4a480ea1-089e-48b8-8e2a-3d9fbac15d93","timestamp":"2023-07-06T12:38:09.014Z"}
{"can":null,"level":"info","message":"ctx permission","reqId":"4a480ea1-089e-48b8-8e2a-3d9fbac15d93","skip":true,"timestamp":"2023-07-06T12:38:09.333Z"}
{"level":"info","message":"acl params","reqId":"4a480ea1-089e-48b8-8e2a-3d9fbac15d93","timestamp":"2023-07-06T12:38:09.334Z"}
{"level":"info","message":"acl parsedParams","reqId":"4a480ea1-089e-48b8-8e2a-3d9fbac15d93","timestamp":"2023-07-06T12:38:09.335Z"}
{"level":"info","message":"END: GET /api/app:getLang?locale","req":{"action":{"actionName":"getLang","params":{"actionName":"getLang","locale":null,"resourceName":"app"},"resourceName":"app"},"header":{"x-hostname":"localhost","x-timezone":"+07:00"}},"reqId":"4a480ea1-089e-48b8-8e2a-3d9fbac15d93","res":{"status":200},"responseTime":525,"timestamp":"2023-07-06T12:38:09.539Z"}
{"level":"info","message":"BEGIN: GET /api/uiRoutes:getAccessible","reqId":"f8fb817e-b0c4-4fc1-9742-13f154bd0abf","timestamp":"2023-07-06T12:38:09.574Z"}
{"can":null,"level":"info","message":"ctx permission","reqId":"f8fb817e-b0c4-4fc1-9742-13f154bd0abf","skip":true,"timestamp":"2023-07-06T12:38:09.787Z"}
{"level":"info","message":"acl params","reqId":"f8fb817e-b0c4-4fc1-9742-13f154bd0abf","timestamp":"2023-07-06T12:38:09.788Z"}
{"level":"info","message":"acl parsedParams","reqId":"f8fb817e-b0c4-4fc1-9742-13f154bd0abf","timestamp":"2023-07-06T12:38:09.788Z"}
{"level":"info","message":"END: GET /api/uiRoutes:getAccessible","req":{"action":{"actionName":"getAccessible","params":{"actionName":"getAccessible","resourceName":"uiRoutes"},"resourceName":"uiRoutes"},"header":{"x-hostname":"localhost","x-locale":"en-US","x-timezone":"+07:00"}},"reqId":"f8fb817e-b0c4-4fc1-9742-13f154bd0abf","res":{"status":200},"responseTime":420,"timestamp":"2023-07-06T12:38:09.994Z"}
{"level":"info","message":"BEGIN: GET /api/systemSettings:get/1?appends=logo","reqId":"60d51ec2-9f66-4229-850d-3553a58ffa11","timestamp":"2023-07-06T12:38:10.010Z"}
{"can":null,"level":"info","message":"ctx permission","reqId":"60d51ec2-9f66-4229-850d-3553a58ffa11","skip":true,"timestamp":"2023-07-06T12:38:10.238Z"}
{"level":"info","message":"acl params","reqId":"60d51ec2-9f66-4229-850d-3553a58ffa11","timestamp":"2023-07-06T12:38:10.238Z"}
{"level":"info","message":"acl parsedParams","reqId":"60d51ec2-9f66-4229-850d-3553a58ffa11","timestamp":"2023-07-06T12:38:10.239Z"}
{"level":"info","message":"END: GET /api/systemSettings:get/1?appends=logo","req":{"action":{"actionName":"get","params":{"actionName":"get","appends":["logo"],"filterByTk":"1","resourceIndex":"1","resourceName":"systemSettings"},"resourceName":"systemSettings"},"header":{"x-hostname":"localhost","x-locale":"en-US","x-timezone":"+07:00"}},"reqId":"60d51ec2-9f66-4229-850d-3553a58ffa11","res":{"status":200},"responseTime":1060,"timestamp":"2023-07-06T12:38:11.070Z"}
{"level":"info","message":"BEGIN: GET /api/app:getInfo","reqId":"4ce12f26-e8be-4239-847f-8f8063cd585b","timestamp":"2023-07-06T12:38:24.714Z"}
{"can":null,"level":"info","message":"ctx permission","reqId":"4ce12f26-e8be-4239-847f-8f8063cd585b","skip":true,"timestamp":"2023-07-06T12:38:26.126Z"}
{"level":"info","message":"acl params","reqId":"4ce12f26-e8be-4239-847f-8f8063cd585b","timestamp":"2023-07-06T12:38:26.126Z"}
{"level":"info","message":"acl parsedParams","reqId":"4ce12f26-e8be-4239-847f-8f8063cd585b","timestamp":"2023-07-06T12:38:26.126Z"}
{"level":"info","message":"BEGIN: GET /api/app:getLang?locale=en-US","reqId":"97b4ad2a-2717-486d-b527-21845572db9d","timestamp":"2023-07-06T12:38:26.438Z"}
{"level":"info","message":"BEGIN: GET /api/app:getPlugins","reqId":"020c86c9-ca91-4f63-bf1f-a430a8eb19f4","timestamp":"2023-07-06T12:38:26.442Z"}
{"can":null,"level":"info","message":"ctx permission","reqId":"97b4ad2a-2717-486d-b527-21845572db9d","skip":true,"timestamp":"2023-07-06T12:38:26.742Z"}
{"level":"info","message":"acl params","reqId":"97b4ad2a-2717-486d-b527-21845572db9d","timestamp":"2023-07-06T12:38:26.743Z"}
{"level":"info","message":"acl parsedParams","reqId":"97b4ad2a-2717-486d-b527-21845572db9d","timestamp":"2023-07-06T12:38:26.743Z"}
{"can":null,"level":"info","message":"ctx permission","reqId":"020c86c9-ca91-4f63-bf1f-a430a8eb19f4","skip":true,"timestamp":"2023-07-06T12:38:26.932Z"}
{"level":"info","message":"acl params","reqId":"020c86c9-ca91-4f63-bf1f-a430a8eb19f4","timestamp":"2023-07-06T12:38:26.932Z"}
{"level":"info","message":"acl parsedParams","reqId":"020c86c9-ca91-4f63-bf1f-a430a8eb19f4","timestamp":"2023-07-06T12:38:26.933Z"}
{"level":"info","message":"END: GET /api/app:getInfo","req":{"action":{"actionName":"getInfo","params":{"actionName":"getInfo","resourceName":"app"},"resourceName":"app"},"header":{"x-hostname":"localhost","x-locale":"en-US","x-timezone":"+07:00"}},"reqId":"4ce12f26-e8be-4239-847f-8f8063cd585b","res":{"status":200},"responseTime":2416,"timestamp":"2023-07-06T12:38:27.130Z"}
{"level":"info","message":"END: GET /api/app:getLang?locale=en-US","req":{"action":{"actionName":"getLang","params":{"actionName":"getLang","locale":"en-US","resourceName":"app"},"resourceName":"app"},"header":{"x-hostname":"localhost","x-locale":"en-US","x-timezone":"+07:00"}},"reqId":"97b4ad2a-2717-486d-b527-21845572db9d","res":{"status":200},"responseTime":900,"timestamp":"2023-07-06T12:38:27.338Z"}
{"level":"info","message":"END: GET /api/app:getPlugins","req":{"action":{"actionName":"getPlugins","params":{"actionName":"getPlugins","resourceName":"app"},"resourceName":"app"},"header":{"x-hostname":"localhost","x-locale":"en-US","x-timezone":"+07:00"}},"reqId":"020c86c9-ca91-4f63-bf1f-a430a8eb19f4","res":{"status":200},"responseTime":1130,"timestamp":"2023-07-06T12:38:27.572Z"}
{"level":"info","message":"BEGIN: GET /api/app:getLang?locale=en-US","reqId":"2e9ba1ec-0e45-467c-b7a0-972dc8df79b1","timestamp":"2023-07-06T12:38:30.967Z"}
{"can":null,"level":"info","message":"ctx permission","reqId":"2e9ba1ec-0e45-467c-b7a0-972dc8df79b1","skip":true,"timestamp":"2023-07-06T12:38:31.173Z"}
{"level":"info","message":"acl params","reqId":"2e9ba1ec-0e45-467c-b7a0-972dc8df79b1","timestamp":"2023-07-06T12:38:31.173Z"}
{"level":"info","message":"acl parsedParams","reqId":"2e9ba1ec-0e45-467c-b7a0-972dc8df79b1","timestamp":"2023-07-06T12:38:31.173Z"}
{"level":"info","message":"END: GET /api/app:getLang?locale=en-US","req":{"action":{"actionName":"getLang","params":{"actionName":"getLang","locale":"en-US","resourceName":"app"},"resourceName":"app"},"header":{"x-hostname":"localhost","x-locale":"en-US","x-timezone":"+07:00"}},"reqId":"2e9ba1ec-0e45-467c-b7a0-972dc8df79b1","res":{"status":200},"responseTime":402,"timestamp":"2023-07-06T12:38:31.369Z"}
{"level":"info","message":"BEGIN: GET /api/uiRoutes:getAccessible","reqId":"dc88599c-d366-4be8-ae83-9df08281a54a","timestamp":"2023-07-06T12:38:31.388Z"}
{"can":null,"level":"info","message":"ctx permission","reqId":"dc88599c-d366-4be8-ae83-9df08281a54a","skip":true,"timestamp":"2023-07-06T12:38:31.597Z"}
{"level":"info","message":"acl params","reqId":"dc88599c-d366-4be8-ae83-9df08281a54a","timestamp":"2023-07-06T12:38:31.597Z"}
{"level":"info","message":"acl parsedParams","reqId":"dc88599c-d366-4be8-ae83-9df08281a54a","timestamp":"2023-07-06T12:38:31.597Z"}
{"level":"info","message":"END: GET /api/uiRoutes:getAccessible","req":{"action":{"actionName":"getAccessible","params":{"actionName":"getAccessible","resourceName":"uiRoutes"},"resourceName":"uiRoutes"},"header":{"x-hostname":"localhost","x-locale":"en-US","x-timezone":"+07:00"}},"reqId":"dc88599c-d366-4be8-ae83-9df08281a54a","res":{"status":200},"responseTime":410,"timestamp":"2023-07-06T12:38:31.798Z"}
{"level":"info","message":"BEGIN: GET /api/systemSettings:get/1?appends=logo","reqId":"761e6fa4-6436-46c8-929c-7b642a8b99b5","timestamp":"2023-07-06T12:38:31.816Z"}
{"can":null,"level":"info","message":"ctx permission","reqId":"761e6fa4-6436-46c8-929c-7b642a8b99b5","skip":true,"timestamp":"2023-07-06T12:38:32.026Z"}
{"level":"info","message":"acl params","reqId":"761e6fa4-6436-46c8-929c-7b642a8b99b5","timestamp":"2023-07-06T12:38:32.026Z"}
{"level":"info","message":"acl parsedParams","reqId":"761e6fa4-6436-46c8-929c-7b642a8b99b5","timestamp":"2023-07-06T12:38:32.026Z"}
{"level":"info","message":"END: GET /api/systemSettings:get/1?appends=logo","req":{"action":{"actionName":"get","params":{"actionName":"get","appends":["logo"],"filterByTk":"1","resourceIndex":"1","resourceName":"systemSettings"},"resourceName":"systemSettings"},"header":{"x-hostname":"localhost","x-locale":"en-US","x-timezone":"+07:00"}},"reqId":"761e6fa4-6436-46c8-929c-7b642a8b99b5","res":{"status":200},"responseTime":1015,"timestamp":"2023-07-06T12:38:32.831Z"}
{"level":"info","message":"BEGIN: GET /api/app:getInfo","reqId":"dff9729b-56de-43e3-997b-1b94dea1409d","timestamp":"2023-07-06T12:38:32.980Z"}
{"can":null,"level":"info","message":"ctx permission","reqId":"dff9729b-56de-43e3-997b-1b94dea1409d","skip":true,"timestamp":"2023-07-06T12:38:33.207Z"}
{"level":"info","message":"acl params","reqId":"dff9729b-56de-43e3-997b-1b94dea1409d","timestamp":"2023-07-06T12:38:33.209Z"}
{"level":"info","message":"acl parsedParams","reqId":"dff9729b-56de-43e3-997b-1b94dea1409d","timestamp":"2023-07-06T12:38:33.210Z"}
{"level":"info","message":"END: GET /api/app:getInfo","req":{"action":{"actionName":"getInfo","params":{"actionName":"getInfo","resourceName":"app"},"resourceName":"app"},"header":{"x-hostname":"localhost","x-locale":"en-US","x-timezone":"+07:00"}},"reqId":"dff9729b-56de-43e3-997b-1b94dea1409d","res":{"status":200},"responseTime":813,"timestamp":"2023-07-06T12:38:33.793Z"}
{"level":"info","message":"BEGIN: GET /api/auth:check","reqId":"a371f055-4668-4299-96ff-7fbc52c71a1a","timestamp":"2023-07-06T12:38:36.213Z"}
{"can":null,"level":"info","message":"ctx permission","reqId":"a371f055-4668-4299-96ff-7fbc52c71a1a","skip":true,"timestamp":"2023-07-06T12:38:36.594Z"}
{"level":"info","message":"acl params","reqId":"a371f055-4668-4299-96ff-7fbc52c71a1a","timestamp":"2023-07-06T12:38:36.598Z"}
{"level":"info","message":"acl parsedParams","reqId":"a371f055-4668-4299-96ff-7fbc52c71a1a","timestamp":"2023-07-06T12:38:36.599Z"}
{"level":"info","message":"END: GET /api/auth:check","req":{"action":{"actionName":"check","params":{"actionName":"check","resourceName":"auth"},"resourceName":"auth"},"header":{"x-hostname":"localhost","x-locale":"en-US","x-timezone":"+07:00"}},"reqId":"a371f055-4668-4299-96ff-7fbc52c71a1a","res":{"status":200},"responseTime":390,"timestamp":"2023-07-06T12:38:36.602Z"}
{"level":"info","message":"BEGIN: POST /api/authenticators:publicList","reqId":"e1d206fd-4e22-49a1-a150-d30da6d84b51","timestamp":"2023-07-06T12:38:36.994Z"}
{"can":null,"level":"info","message":"ctx permission","reqId":"e1d206fd-4e22-49a1-a150-d30da6d84b51","skip":true,"timestamp":"2023-07-06T12:38:37.391Z"}
{"level":"info","message":"acl params","reqId":"e1d206fd-4e22-49a1-a150-d30da6d84b51","timestamp":"2023-07-06T12:38:37.391Z"}
{"level":"info","message":"acl parsedParams","reqId":"e1d206fd-4e22-49a1-a150-d30da6d84b51","timestamp":"2023-07-06T12:38:37.391Z"}
{"level":"info","message":"END: POST /api/authenticators:publicList","req":{"action":{"actionName":"publicList","params":{"actionName":"publicList","resourceName":"authenticators"},"resourceName":"authenticators"},"header":{"x-hostname":"localhost","x-locale":"en-US","x-timezone":"+07:00"}},"reqId":"e1d206fd-4e22-49a1-a150-d30da6d84b51","res":{"status":200},"responseTime":619,"timestamp":"2023-07-06T12:38:37.613Z"}
{"level":"info","message":"BEGIN: POST /api/auth:signIn","reqId":"fc853d6a-cab7-4c7f-ab0e-bd50e5a5804a","timestamp":"2023-07-06T12:38:46.592Z"}
{"can":null,"level":"info","message":"ctx permission","reqId":"fc853d6a-cab7-4c7f-ab0e-bd50e5a5804a","skip":true,"timestamp":"2023-07-06T12:38:47.020Z"}
{"level":"info","message":"acl params","reqId":"fc853d6a-cab7-4c7f-ab0e-bd50e5a5804a","timestamp":"2023-07-06T12:38:47.021Z"}
{"level":"info","message":"acl parsedParams","reqId":"fc853d6a-cab7-4c7f-ab0e-bd50e5a5804a","timestamp":"2023-07-06T12:38:47.021Z"}
{"level":"info","message":"END: POST /api/auth:signIn","req":{"action":{"actionName":"signIn","params":{"actionName":"signIn","resourceName":"auth","values":{"email":"kien.an@vanphubinh.com","password":"admin123"}},"resourceName":"auth"},"header":{"x-hostname":"localhost","x-locale":"en-US","x-timezone":"+07:00"}},"reqId":"fc853d6a-cab7-4c7f-ab0e-bd50e5a5804a","res":{"status":200},"responseTime":1017,"timestamp":"2023-07-06T12:38:47.609Z"}
{"level":"info","message":"BEGIN: GET /api/app:getInfo","reqId":"fc9c266c-46c2-4e74-bcd0-61b87b15d718","timestamp":"2023-07-06T12:38:48.060Z"}
{"level":"info","message":"BEGIN: POST /api/chartsQueries:listMetadata?paginate=false&sort%5B%5D=-id","reqId":"795d4b27-817e-4036-b2be-60f385637c31","timestamp":"2023-07-06T12:38:48.074Z"}
{"can":null,"level":"info","message":"ctx permission","reqId":"fc9c266c-46c2-4e74-bcd0-61b87b15d718","skip":true,"timestamp":"2023-07-06T12:38:49.538Z"}
{"level":"info","message":"acl params","reqId":"fc9c266c-46c2-4e74-bcd0-61b87b15d718","timestamp":"2023-07-06T12:38:49.539Z"}
{"level":"info","message":"acl parsedParams","reqId":"fc9c266c-46c2-4e74-bcd0-61b87b15d718","timestamp":"2023-07-06T12:38:49.539Z"}
{"can":{"action":"listMetadata","resource":"chartsQueries","role":"root"},"level":"info","message":"ctx permission","reqId":"795d4b27-817e-4036-b2be-60f385637c31","skip":true,"timestamp":"2023-07-06T12:38:49.544Z"}
{"level":"info","message":"acl params","reqId":"795d4b27-817e-4036-b2be-60f385637c31","timestamp":"2023-07-06T12:38:49.544Z"}
{"level":"info","message":"acl parsedParams","reqId":"795d4b27-817e-4036-b2be-60f385637c31","timestamp":"2023-07-06T12:38:49.544Z"}
{"level":"info","message":"END: POST /api/chartsQueries:listMetadata?paginate=false&sort%5B%5D=-id","req":{"action":{"actionName":"listMetadata","params":{"actionName":"listMetadata","paginate":"false","resourceName":"chartsQueries","sort":["-id"]},"resourceName":"chartsQueries"},"header":{"x-hostname":"localhost","x-locale":"en-US","x-timezone":"+07:00"}},"reqId":"795d4b27-817e-4036-b2be-60f385637c31","res":{"status":200},"responseTime":1685,"timestamp":"2023-07-06T12:38:49.759Z"}
{"level":"info","message":"END: GET /api/app:getInfo","req":{"action":{"actionName":"getInfo","params":{"actionName":"getInfo","resourceName":"app"},"resourceName":"app"},"header":{"x-hostname":"localhost","x-locale":"en-US","x-timezone":"+07:00"}},"reqId":"fc9c266c-46c2-4e74-bcd0-61b87b15d718","res":{"status":200},"responseTime":2094,"timestamp":"2023-07-06T12:38:50.154Z"}
{"level":"info","message":"BEGIN: GET /api/app:getInfo","reqId":"967701f5-a87b-49d0-9eee-b8506b4084cc","timestamp":"2023-07-06T12:38:50.169Z"}
{"can":null,"level":"info","message":"ctx permission","reqId":"967701f5-a87b-49d0-9eee-b8506b4084cc","skip":true,"timestamp":"2023-07-06T12:38:50.967Z"}
{"level":"info","message":"acl params","reqId":"967701f5-a87b-49d0-9eee-b8506b4084cc","timestamp":"2023-07-06T12:38:50.967Z"}
{"level":"info","message":"acl parsedParams","reqId":"967701f5-a87b-49d0-9eee-b8506b4084cc","timestamp":"2023-07-06T12:38:50.968Z"}
{"level":"info","message":"END: GET /api/app:getInfo","req":{"action":{"actionName":"getInfo","params":{"actionName":"getInfo","resourceName":"app"},"resourceName":"app"},"header":{"x-hostname":"localhost","x-locale":"en-US","x-timezone":"+07:00"}},"reqId":"967701f5-a87b-49d0-9eee-b8506b4084cc","res":{"status":200},"responseTime":1380,"timestamp":"2023-07-06T12:38:51.550Z"}
{"level":"info","message":"BEGIN: GET /api/auth:check","reqId":"fa29b6d6-2f98-4c09-aecf-bee0ed6b707f","timestamp":"2023-07-06T12:38:51.595Z"}
{"can":null,"level":"info","message":"ctx permission","reqId":"fa29b6d6-2f98-4c09-aecf-bee0ed6b707f","skip":true,"timestamp":"2023-07-06T12:38:52.551Z"}
{"level":"info","message":"acl params","reqId":"fa29b6d6-2f98-4c09-aecf-bee0ed6b707f","timestamp":"2023-07-06T12:38:52.552Z"}
{"level":"info","message":"acl parsedParams","reqId":"fa29b6d6-2f98-4c09-aecf-bee0ed6b707f","timestamp":"2023-07-06T12:38:52.552Z"}
{"level":"info","message":"END: GET /api/auth:check","req":{"action":{"actionName":"check","params":{"actionName":"check","resourceName":"auth"},"resourceName":"auth"},"header":{"x-hostname":"localhost","x-locale":"en-US","x-timezone":"+07:00"}},"reqId":"fa29b6d6-2f98-4c09-aecf-bee0ed6b707f","res":{"status":200},"responseTime":958,"timestamp":"2023-07-06T12:38:52.553Z"}
{"level":"info","message":"BEGIN: GET /api/uiSchemaTemplates:list?appends%5B%5D=collection&paginate=false","reqId":"4fa8a9ad-7447-4679-87b4-5fa3b72347b4","timestamp":"2023-07-06T12:38:52.597Z"}
{"can":{"action":"list","resource":"uiSchemaTemplates","role":"root"},"level":"info","message":"ctx permission","reqId":"4fa8a9ad-7447-4679-87b4-5fa3b72347b4","skip":true,"timestamp":"2023-07-06T12:38:53.421Z"}
{"level":"info","message":"acl params","reqId":"4fa8a9ad-7447-4679-87b4-5fa3b72347b4","timestamp":"2023-07-06T12:38:53.421Z"}
{"level":"info","message":"acl parsedParams","reqId":"4fa8a9ad-7447-4679-87b4-5fa3b72347b4","timestamp":"2023-07-06T12:38:53.421Z"}
{"level":"info","message":"END: GET /api/uiSchemaTemplates:list?appends%5B%5D=collection&paginate=false","req":{"action":{"actionName":"list","params":{"actionName":"list","appends":["collection"],"paginate":"false","resourceName":"uiSchemaTemplates"},"resourceName":"uiSchemaTemplates"},"header":{"x-hostname":"localhost","x-locale":"en-US","x-timezone":"+07:00"}},"reqId":"4fa8a9ad-7447-4679-87b4-5fa3b72347b4","res":{"status":200},"responseTime":1632,"timestamp":"2023-07-06T12:38:54.229Z"}
{"level":"info","message":"BEGIN: GET /api/collections:list?paginate=false&appends%5B%5D=fields&appends%5B%5D=category&sort%5B%5D=sort&filter=%7B%7D","reqId":"33349ba0-a627-4941-8da7-d0bcf52b64ee","timestamp":"2023-07-06T12:38:54.244Z"}
{"level":"info","message":"BEGIN: GET /api/collectionCategories:list?paginate=false&sort%5B%5D=sort","reqId":"d4d34e3f-b628-4ef3-b31b-785b613a126b","timestamp":"2023-07-06T12:38:54.248Z"}
{"can":{"action":"list","resource":"collections","role":"root"},"level":"info","message":"ctx permission","reqId":"33349ba0-a627-4941-8da7-d0bcf52b64ee","skip":true,"timestamp":"2023-07-06T12:38:55.230Z"}
{"level":"info","message":"acl params","reqId":"33349ba0-a627-4941-8da7-d0bcf52b64ee","timestamp":"2023-07-06T12:38:55.231Z"}
{"level":"info","message":"acl parsedParams","reqId":"33349ba0-a627-4941-8da7-d0bcf52b64ee","timestamp":"2023-07-06T12:38:55.231Z"}
{"can":null,"level":"info","message":"ctx permission","reqId":"d4d34e3f-b628-4ef3-b31b-785b613a126b","skip":true,"timestamp":"2023-07-06T12:38:55.240Z"}
{"level":"info","message":"acl params","reqId":"d4d34e3f-b628-4ef3-b31b-785b613a126b","timestamp":"2023-07-06T12:38:55.240Z"}
{"level":"info","message":"acl parsedParams","reqId":"d4d34e3f-b628-4ef3-b31b-785b613a126b","timestamp":"2023-07-06T12:38:55.240Z"}
{"level":"info","message":"END: GET /api/collectionCategories:list?paginate=false&sort%5B%5D=sort","req":{"action":{"actionName":"list","params":{"actionName":"list","paginate":"false","resourceName":"collectionCategories","sort":["sort"]},"resourceName":"collectionCategories"},"header":{"x-hostname":"localhost","x-locale":"en-US","x-timezone":"+07:00"}},"reqId":"d4d34e3f-b628-4ef3-b31b-785b613a126b","res":{"status":200},"responseTime":1391,"timestamp":"2023-07-06T12:38:55.639Z"}
{"level":"info","message":"END: GET /api/collections:list?paginate=false&appends%5B%5D=fields&appends%5B%5D=category&sort%5B%5D=sort&filter=%7B%7D","req":{"action":{"actionName":"list","params":{"actionName":"list","appends":["fields","category"],"filter":{},"paginate":"false","resourceName":"collections","sort":["sort"]},"resourceName":"collections"},"header":{"x-hostname":"localhost","x-locale":"en-US","x-timezone":"+07:00"}},"reqId":"33349ba0-a627-4941-8da7-d0bcf52b64ee","res":{"status":200},"responseTime":2485,"timestamp":"2023-07-06T12:38:56.729Z"}
{"level":"info","message":"BEGIN: GET /api/roles:check","reqId":"59dfc357-4ac5-4961-96a0-a5507aaab4b4","timestamp":"2023-07-06T12:38:56.749Z"}
{"can":{"action":"check","resource":"roles","role":"root"},"level":"info","message":"ctx permission","reqId":"59dfc357-4ac5-4961-96a0-a5507aaab4b4","skip":true,"timestamp":"2023-07-06T12:38:57.519Z"}
{"level":"info","message":"acl params","reqId":"59dfc357-4ac5-4961-96a0-a5507aaab4b4","timestamp":"2023-07-06T12:38:57.519Z"}
{"level":"info","message":"acl parsedParams","reqId":"59dfc357-4ac5-4961-96a0-a5507aaab4b4","timestamp":"2023-07-06T12:38:57.519Z"}
{"level":"info","message":"END: GET /api/roles:check","req":{"action":{"actionName":"check","params":{"actionName":"check","resourceName":"roles"},"resourceName":"roles"},"header":{"x-hostname":"localhost","x-locale":"en-US","x-timezone":"+07:00"}},"reqId":"59dfc357-4ac5-4961-96a0-a5507aaab4b4","res":{"status":200},"responseTime":1578,"timestamp":"2023-07-06T12:38:58.326Z"}
{"level":"info","message":"BEGIN: GET /api/uiSchemas:getJsonSchema/uhrqr1ggbuh","reqId":"65e9326a-7611-4570-83b0-37afa9b3e93b","timestamp":"2023-07-06T12:38:58.365Z"}
{"can":null,"level":"info","message":"ctx permission","reqId":"65e9326a-7611-4570-83b0-37afa9b3e93b","skip":true,"timestamp":"2023-07-06T12:38:59.171Z"}
{"level":"info","message":"acl params","reqId":"65e9326a-7611-4570-83b0-37afa9b3e93b","timestamp":"2023-07-06T12:38:59.172Z"}
{"level":"info","message":"acl parsedParams","reqId":"65e9326a-7611-4570-83b0-37afa9b3e93b","timestamp":"2023-07-06T12:38:59.172Z"}
{"level":"info","message":"END: GET /api/uiSchemas:getJsonSchema/uhrqr1ggbuh","req":{"action":{"actionName":"getJsonSchema","params":{"actionName":"getJsonSchema","filterByTk":"uhrqr1ggbuh","resourceIndex":"uhrqr1ggbuh","resourceName":"uiSchemas"},"resourceName":"uiSchemas"},"header":{"x-hostname":"localhost","x-locale":"en-US","x-role":"root","x-timezone":"+07:00"}},"reqId":"65e9326a-7611-4570-83b0-37afa9b3e93b","res":{"status":200},"responseTime":1036,"timestamp":"2023-07-06T12:38:59.401Z"}
{"level":"info","message":"BEGIN: GET /api/collections:list?pageSize=50&sort%5B%5D=sort&appends%5B%5D=fields&appends%5B%5D=category&filter=%7B%22hidden%22%3A%7B%22%24isFalsy%22%3Atrue%7D%7D","reqId":"5dcf44c1-ba28-432c-bf0e-061135798ba4","timestamp":"2023-07-06T12:39:06.083Z"}
{"can":{"action":"list","resource":"collections","role":"root"},"level":"info","message":"ctx permission","reqId":"5dcf44c1-ba28-432c-bf0e-061135798ba4","skip":true,"timestamp":"2023-07-06T12:39:06.968Z"}
{"level":"info","message":"acl params","reqId":"5dcf44c1-ba28-432c-bf0e-061135798ba4","timestamp":"2023-07-06T12:39:06.968Z"}
{"level":"info","message":"acl parsedParams","reqId":"5dcf44c1-ba28-432c-bf0e-061135798ba4","timestamp":"2023-07-06T12:39:06.968Z"}
{"level":"info","message":"END: GET /api/collections:list?pageSize=50&sort%5B%5D=sort&appends%5B%5D=fields&appends%5B%5D=category&filter=%7B%22hidden%22%3A%7B%22%24isFalsy%22%3Atrue%7D%7D","req":{"action":{"actionName":"list","params":{"actionName":"list","appends":["fields","category"],"filter":{"hidden":{"$isFalsy":true}},"pageSize":"50","resourceName":"collections","sort":["sort"]},"resourceName":"collections"},"header":{"x-hostname":"localhost","x-locale":"en-US","x-role":"root","x-timezone":"+07:00"}},"reqId":"5dcf44c1-ba28-432c-bf0e-061135798ba4","res":{"status":200},"responseTime":2473,"timestamp":"2023-07-06T12:39:08.556Z"}
